2018-08-07 15:17:42 - PHP Notice:  Undefined variable: entry_description in D:\OpenServer\domains\villacrimea.loc\admin\view\template\setting\setting.tpl on line 147
2018-08-07 15:17:42 - PHP Notice:  Undefined index: short_descr_site in D:\OpenServer\domains\villacrimea.loc\admin\view\template\setting\setting.tpl on line 149
2018-08-07 15:19:15 - PHP Notice:  Undefined variable: entry_description in D:\OpenServer\domains\villacrimea.loc\admin\view\template\setting\setting.tpl on line 147
2018-08-07 15:19:15 - PHP Notice:  Undefined index: short_descr_site in D:\OpenServer\domains\villacrimea.loc\admin\view\template\setting\setting.tpl on line 149
2018-08-07 15:24:31 - PHP Notice:  Undefined index: short_descr_site in D:\OpenServer\domains\villacrimea.loc\admin\view\template\setting\setting.tpl on line 149
2018-08-07 15:39:15 - PHP Notice:  Undefined variable: help_filename in D:\OpenServer\domains\villacrimea.loc\admin\view\template\setting\setting.tpl on line 154
2018-08-07 15:39:15 - PHP Notice:  Undefined variable: entry_filename in D:\OpenServer\domains\villacrimea.loc\admin\view\template\setting\setting.tpl on line 154
2018-08-07 15:39:15 - PHP Notice:  Undefined variable: filename in D:\OpenServer\domains\villacrimea.loc\admin\view\template\setting\setting.tpl on line 157
2018-08-07 15:39:15 - PHP Notice:  Undefined variable: entry_filename in D:\OpenServer\domains\villacrimea.loc\admin\view\template\setting\setting.tpl on line 157
2018-08-07 15:39:15 - PHP Notice:  Undefined variable: text_loading in D:\OpenServer\domains\villacrimea.loc\admin\view\template\setting\setting.tpl on line 159
2018-08-07 15:39:15 - PHP Notice:  Undefined variable: button_upload in D:\OpenServer\domains\villacrimea.loc\admin\view\template\setting\setting.tpl on line 159
2018-08-07 15:39:15 - PHP Notice:  Undefined variable: error_filename in D:\OpenServer\domains\villacrimea.loc\admin\view\template\setting\setting.tpl on line 161
2018-08-07 15:39:15 - PHP Notice:  Undefined variable: help_mask in D:\OpenServer\domains\villacrimea.loc\admin\view\template\setting\setting.tpl on line 167
2018-08-07 15:39:15 - PHP Notice:  Undefined variable: entry_mask in D:\OpenServer\domains\villacrimea.loc\admin\view\template\setting\setting.tpl on line 167
2018-08-07 15:39:15 - PHP Notice:  Undefined variable: mask in D:\OpenServer\domains\villacrimea.loc\admin\view\template\setting\setting.tpl on line 169
2018-08-07 15:39:15 - PHP Notice:  Undefined variable: entry_mask in D:\OpenServer\domains\villacrimea.loc\admin\view\template\setting\setting.tpl on line 169
2018-08-07 15:39:15 - PHP Notice:  Undefined variable: error_mask in D:\OpenServer\domains\villacrimea.loc\admin\view\template\setting\setting.tpl on line 170
2018-08-07 15:42:22 - PHP Notice:  Undefined variable: help_download in D:\OpenServer\domains\villacrimea.loc\admin\view\template\setting\setting.tpl on line 154
2018-08-07 15:42:22 - PHP Notice:  Undefined variable: entry_download in D:\OpenServer\domains\villacrimea.loc\admin\view\template\setting\setting.tpl on line 154
2018-08-07 15:42:22 - PHP Notice:  Undefined variable: entry_download in D:\OpenServer\domains\villacrimea.loc\admin\view\template\setting\setting.tpl on line 156
2018-08-07 15:42:22 - PHP Notice:  Undefined variable: product_downloads in D:\OpenServer\domains\villacrimea.loc\admin\view\template\setting\setting.tpl on line 158
2018-08-07 15:42:22 - PHP Warning:  Invalid argument supplied for foreach() in D:\OpenServer\domains\villacrimea.loc\admin\view\template\setting\setting.tpl on line 158
2018-08-07 15:56:42 - PHP Notice:  Undefined variable: filter_data in D:\OpenServer\domains\villacrimea.loc\admin\controller\setting\setting.php on line 635
2018-08-07 15:56:42 - PHP Notice:  Undefined variable: url in D:\OpenServer\domains\villacrimea.loc\admin\controller\setting\setting.php on line 642
2018-08-07 15:56:56 - PHP Notice:  Undefined variable: filter_data in D:\OpenServer\domains\villacrimea.loc\admin\controller\setting\setting.php on line 635
2018-08-07 15:56:56 - PHP Notice:  Undefined variable: url in D:\OpenServer\domains\villacrimea.loc\admin\controller\setting\setting.php on line 642
2018-08-07 15:57:10 - PHP Notice:  Undefined variable: filter_data in D:\OpenServer\domains\villacrimea.loc\admin\controller\setting\setting.php on line 635
2018-08-07 15:57:10 - PHP Notice:  Undefined variable: url in D:\OpenServer\domains\villacrimea.loc\admin\controller\setting\setting.php on line 642
2018-08-07 15:57:45 - PHP Notice:  Undefined variable: filter_data in D:\OpenServer\domains\villacrimea.loc\admin\controller\setting\setting.php on line 635
2018-08-07 15:57:45 - PHP Notice:  Undefined variable: url in D:\OpenServer\domains\villacrimea.loc\admin\controller\setting\setting.php on line 642
2018-08-07 15:59:56 - PHP Notice:  Undefined variable: filter_data in D:\OpenServer\domains\villacrimea.loc\admin\controller\setting\setting.php on line 635
2018-08-07 15:59:56 - PHP Notice:  Undefined variable: url in D:\OpenServer\domains\villacrimea.loc\admin\controller\setting\setting.php on line 642
2018-08-07 16:01:29 - PHP Notice:  Undefined variable: url in D:\OpenServer\domains\villacrimea.loc\admin\controller\setting\setting.php on line 642
2018-08-07 16:23:48 - PHP Warning:  var_dump() expects at least 1 parameter, 0 given in D:\OpenServer\domains\villacrimea.loc\catalog\controller\common\header.php on line 99
2018-08-07 16:34:57 - PHP Warning:  Illegal string offset 'filename' in D:\OpenServer\domains\villacrimea.loc\catalog\controller\common\header.php on line 103
2018-08-07 16:34:57 - PHP Warning:  Illegal string offset 'filename' in D:\OpenServer\domains\villacrimea.loc\catalog\controller\common\header.php on line 103
2018-08-07 16:34:57 - PHP Warning:  Illegal string offset 'filename' in D:\OpenServer\domains\villacrimea.loc\catalog\controller\common\header.php on line 103
2018-08-07 16:34:57 - PHP Warning:  Illegal string offset 'filename' in D:\OpenServer\domains\villacrimea.loc\catalog\controller\common\header.php on line 103
2018-08-07 16:34:57 - PHP Warning:  Illegal string offset 'filename' in D:\OpenServer\domains\villacrimea.loc\catalog\controller\common\header.php on line 103
2018-08-07 16:34:57 - PHP Warning:  Illegal string offset 'filename' in D:\OpenServer\domains\villacrimea.loc\catalog\controller\common\header.php on line 103
2018-08-07 16:34:57 - PHP Warning:  Illegal string offset 'filename' in D:\OpenServer\domains\villacrimea.loc\catalog\controller\common\header.php on line 103
2018-08-07 16:34:57 - PHP Warning:  Illegal string offset 'filename' in D:\OpenServer\domains\villacrimea.loc\catalog\controller\common\header.php on line 103
2018-08-07 16:34:57 - PHP Warning:  Illegal string offset 'filename' in D:\OpenServer\domains\villacrimea.loc\catalog\controller\common\header.php on line 103
2018-08-07 16:34:57 - PHP Warning:  Illegal string offset 'filename' in D:\OpenServer\domains\villacrimea.loc\catalog\controller\common\header.php on line 103
2018-08-07 16:34:57 - PHP Warning:  Illegal string offset 'filename' in D:\OpenServer\domains\villacrimea.loc\catalog\controller\common\header.php on line 103
2018-08-07 16:34:57 - PHP Warning:  Illegal string offset 'filename' in D:\OpenServer\domains\villacrimea.loc\catalog\controller\common\header.php on line 103
2018-08-07 16:41:51 - PHP Warning:  Illegal string offset 'filename' in D:\OpenServer\domains\villacrimea.loc\catalog\controller\common\header.php on line 103
2018-08-07 16:41:51 - PHP Warning:  Illegal string offset 'filename' in D:\OpenServer\domains\villacrimea.loc\catalog\controller\common\header.php on line 103
2018-08-07 16:41:51 - PHP Warning:  Illegal string offset 'filename' in D:\OpenServer\domains\villacrimea.loc\catalog\controller\common\header.php on line 103
2018-08-07 16:41:51 - PHP Warning:  Illegal string offset 'filename' in D:\OpenServer\domains\villacrimea.loc\catalog\controller\common\header.php on line 103
2018-08-07 16:41:51 - PHP Warning:  Illegal string offset 'filename' in D:\OpenServer\domains\villacrimea.loc\catalog\controller\common\header.php on line 103
2018-08-07 16:41:51 - PHP Warning:  Illegal string offset 'filename' in D:\OpenServer\domains\villacrimea.loc\catalog\controller\common\header.php on line 103
2018-08-07 16:41:51 - PHP Warning:  Illegal string offset 'filename' in D:\OpenServer\domains\villacrimea.loc\catalog\controller\common\header.php on line 103
2018-08-07 16:41:51 - PHP Warning:  Illegal string offset 'filename' in D:\OpenServer\domains\villacrimea.loc\catalog\controller\common\header.php on line 103
2018-08-07 16:41:51 - PHP Warning:  Illegal string offset 'filename' in D:\OpenServer\domains\villacrimea.loc\catalog\controller\common\header.php on line 103
2018-08-07 16:41:51 - PHP Warning:  Illegal string offset 'filename' in D:\OpenServer\domains\villacrimea.loc\catalog\controller\common\header.php on line 103
2018-08-07 16:41:51 - PHP Warning:  Illegal string offset 'filename' in D:\OpenServer\domains\villacrimea.loc\catalog\controller\common\header.php on line 103
2018-08-07 16:41:51 - PHP Warning:  Illegal string offset 'filename' in D:\OpenServer\domains\villacrimea.loc\catalog\controller\common\header.php on line 103
2018-08-07 16:48:47 - PHP Warning:  Illegal string offset 'filename' in D:\OpenServer\domains\villacrimea.loc\catalog\controller\common\header.php on line 104
2018-08-07 16:48:47 - PHP Warning:  Illegal string offset 'filename' in D:\OpenServer\domains\villacrimea.loc\catalog\controller\common\header.php on line 104
2018-08-07 16:48:47 - PHP Warning:  Illegal string offset 'filename' in D:\OpenServer\domains\villacrimea.loc\catalog\controller\common\header.php on line 104
2018-08-07 16:48:47 - PHP Warning:  Illegal string offset 'filename' in D:\OpenServer\domains\villacrimea.loc\catalog\controller\common\header.php on line 104
2018-08-07 16:48:47 - PHP Warning:  Illegal string offset 'filename' in D:\OpenServer\domains\villacrimea.loc\catalog\controller\common\header.php on line 104
2018-08-07 16:48:47 - PHP Warning:  Illegal string offset 'filename' in D:\OpenServer\domains\villacrimea.loc\catalog\controller\common\header.php on line 104
2018-08-07 16:48:47 - PHP Warning:  Illegal string offset 'filename' in D:\OpenServer\domains\villacrimea.loc\catalog\controller\common\header.php on line 104
2018-08-07 16:48:47 - PHP Warning:  Illegal string offset 'filename' in D:\OpenServer\domains\villacrimea.loc\catalog\controller\common\header.php on line 104
2018-08-07 16:48:47 - PHP Warning:  Illegal string offset 'filename' in D:\OpenServer\domains\villacrimea.loc\catalog\controller\common\header.php on line 104
2018-08-07 16:48:47 - PHP Warning:  Illegal string offset 'filename' in D:\OpenServer\domains\villacrimea.loc\catalog\controller\common\header.php on line 104
2018-08-07 16:48:47 - PHP Warning:  Illegal string offset 'filename' in D:\OpenServer\domains\villacrimea.loc\catalog\controller\common\header.php on line 104
2018-08-07 16:48:47 - PHP Warning:  Illegal string offset 'filename' in D:\OpenServer\domains\villacrimea.loc\catalog\controller\common\header.php on line 104
2018-08-07 16:52:27 - PHP Warning:  Illegal string offset 'filename' in D:\OpenServer\domains\villacrimea.loc\catalog\controller\common\header.php on line 108
2018-08-07 16:52:27 - PHP Warning:  Illegal string offset 'name' in D:\OpenServer\domains\villacrimea.loc\catalog\controller\common\header.php on line 109
2018-08-07 16:52:27 - PHP Warning:  Illegal string offset 'filename' in D:\OpenServer\domains\villacrimea.loc\catalog\controller\common\header.php on line 108
2018-08-07 16:52:27 - PHP Warning:  Illegal string offset 'name' in D:\OpenServer\domains\villacrimea.loc\catalog\controller\common\header.php on line 109
2018-08-07 16:52:27 - PHP Warning:  Illegal string offset 'filename' in D:\OpenServer\domains\villacrimea.loc\catalog\controller\common\header.php on line 108
2018-08-07 16:52:27 - PHP Warning:  Illegal string offset 'name' in D:\OpenServer\domains\villacrimea.loc\catalog\controller\common\header.php on line 109
2018-08-07 16:52:27 - PHP Warning:  Illegal string offset 'filename' in D:\OpenServer\domains\villacrimea.loc\catalog\controller\common\header.php on line 108
2018-08-07 16:52:27 - PHP Warning:  Illegal string offset 'name' in D:\OpenServer\domains\villacrimea.loc\catalog\controller\common\header.php on line 109
2018-08-07 16:52:27 - PHP Warning:  Illegal string offset 'filename' in D:\OpenServer\domains\villacrimea.loc\catalog\controller\common\header.php on line 108
2018-08-07 16:52:27 - PHP Warning:  Illegal string offset 'name' in D:\OpenServer\domains\villacrimea.loc\catalog\controller\common\header.php on line 109
2018-08-07 16:52:27 - PHP Warning:  Illegal string offset 'filename' in D:\OpenServer\domains\villacrimea.loc\catalog\controller\common\header.php on line 108
2018-08-07 16:52:27 - PHP Warning:  Illegal string offset 'name' in D:\OpenServer\domains\villacrimea.loc\catalog\controller\common\header.php on line 109
2018-08-07 16:52:27 - PHP Warning:  Illegal string offset 'filename' in D:\OpenServer\domains\villacrimea.loc\catalog\controller\common\header.php on line 108
2018-08-07 16:52:27 - PHP Warning:  Illegal string offset 'name' in D:\OpenServer\domains\villacrimea.loc\catalog\controller\common\header.php on line 109
2018-08-07 16:52:27 - PHP Warning:  Illegal string offset 'filename' in D:\OpenServer\domains\villacrimea.loc\catalog\controller\common\header.php on line 108
2018-08-07 16:52:27 - PHP Warning:  Illegal string offset 'name' in D:\OpenServer\domains\villacrimea.loc\catalog\controller\common\header.php on line 109
2018-08-07 16:52:27 - PHP Warning:  Illegal string offset 'filename' in D:\OpenServer\domains\villacrimea.loc\catalog\controller\common\header.php on line 108
2018-08-07 16:52:27 - PHP Warning:  Illegal string offset 'name' in D:\OpenServer\domains\villacrimea.loc\catalog\controller\common\header.php on line 109
2018-08-07 16:52:27 - PHP Warning:  Illegal string offset 'filename' in D:\OpenServer\domains\villacrimea.loc\catalog\controller\common\header.php on line 108
2018-08-07 16:52:27 - PHP Warning:  Illegal string offset 'name' in D:\OpenServer\domains\villacrimea.loc\catalog\controller\common\header.php on line 109
2018-08-07 16:52:27 - PHP Warning:  Illegal string offset 'filename' in D:\OpenServer\domains\villacrimea.loc\catalog\controller\common\header.php on line 108
2018-08-07 16:52:27 - PHP Warning:  Illegal string offset 'name' in D:\OpenServer\domains\villacrimea.loc\catalog\controller\common\header.php on line 109
2018-08-07 16:52:27 - PHP Warning:  Illegal string offset 'filename' in D:\OpenServer\domains\villacrimea.loc\catalog\controller\common\header.php on line 108
2018-08-07 16:52:27 - PHP Warning:  Illegal string offset 'name' in D:\OpenServer\domains\villacrimea.loc\catalog\controller\common\header.php on line 109
2018-08-07 16:52:40 - PHP Warning:  Illegal string offset 'filename' in D:\OpenServer\domains\villacrimea.loc\catalog\controller\common\header.php on line 108
2018-08-07 16:52:40 - PHP Warning:  Illegal string offset 'name' in D:\OpenServer\domains\villacrimea.loc\catalog\controller\common\header.php on line 109
2018-08-07 16:52:40 - PHP Warning:  Illegal string offset 'filename' in D:\OpenServer\domains\villacrimea.loc\catalog\controller\common\header.php on line 108
2018-08-07 16:52:40 - PHP Warning:  Illegal string offset 'name' in D:\OpenServer\domains\villacrimea.loc\catalog\controller\common\header.php on line 109
2018-08-07 16:52:40 - PHP Warning:  Illegal string offset 'filename' in D:\OpenServer\domains\villacrimea.loc\catalog\controller\common\header.php on line 108
2018-08-07 16:52:40 - PHP Warning:  Illegal string offset 'name' in D:\OpenServer\domains\villacrimea.loc\catalog\controller\common\header.php on line 109
2018-08-07 16:52:40 - PHP Warning:  Illegal string offset 'filename' in D:\OpenServer\domains\villacrimea.loc\catalog\controller\common\header.php on line 108
2018-08-07 16:52:40 - PHP Warning:  Illegal string offset 'name' in D:\OpenServer\domains\villacrimea.loc\catalog\controller\common\header.php on line 109
2018-08-07 16:52:40 - PHP Warning:  Illegal string offset 'filename' in D:\OpenServer\domains\villacrimea.loc\catalog\controller\common\header.php on line 108
2018-08-07 16:52:40 - PHP Warning:  Illegal string offset 'name' in D:\OpenServer\domains\villacrimea.loc\catalog\controller\common\header.php on line 109
2018-08-07 16:52:40 - PHP Warning:  Illegal string offset 'filename' in D:\OpenServer\domains\villacrimea.loc\catalog\controller\common\header.php on line 108
2018-08-07 16:52:40 - PHP Warning:  Illegal string offset 'name' in D:\OpenServer\domains\villacrimea.loc\catalog\controller\common\header.php on line 109
2018-08-07 16:52:40 - PHP Warning:  Illegal string offset 'filename' in D:\OpenServer\domains\villacrimea.loc\catalog\controller\common\header.php on line 108
2018-08-07 16:52:40 - PHP Warning:  Illegal string offset 'name' in D:\OpenServer\domains\villacrimea.loc\catalog\controller\common\header.php on line 109
2018-08-07 16:52:40 - PHP Warning:  Illegal string offset 'filename' in D:\OpenServer\domains\villacrimea.loc\catalog\controller\common\header.php on line 108
2018-08-07 16:52:40 - PHP Warning:  Illegal string offset 'name' in D:\OpenServer\domains\villacrimea.loc\catalog\controller\common\header.php on line 109
2018-08-07 16:52:40 - PHP Warning:  Illegal string offset 'filename' in D:\OpenServer\domains\villacrimea.loc\catalog\controller\common\header.php on line 108
2018-08-07 16:52:40 - PHP Warning:  Illegal string offset 'name' in D:\OpenServer\domains\villacrimea.loc\catalog\controller\common\header.php on line 109
2018-08-07 16:52:40 - PHP Warning:  Illegal string offset 'filename' in D:\OpenServer\domains\villacrimea.loc\catalog\controller\common\header.php on line 108
2018-08-07 16:52:40 - PHP Warning:  Illegal string offset 'name' in D:\OpenServer\domains\villacrimea.loc\catalog\controller\common\header.php on line 109
2018-08-07 16:52:40 - PHP Warning:  Illegal string offset 'filename' in D:\OpenServer\domains\villacrimea.loc\catalog\controller\common\header.php on line 108
2018-08-07 16:52:40 - PHP Warning:  Illegal string offset 'name' in D:\OpenServer\domains\villacrimea.loc\catalog\controller\common\header.php on line 109
2018-08-07 16:52:40 - PHP Warning:  Illegal string offset 'filename' in D:\OpenServer\domains\villacrimea.loc\catalog\controller\common\header.php on line 108
2018-08-07 16:52:40 - PHP Warning:  Illegal string offset 'name' in D:\OpenServer\domains\villacrimea.loc\catalog\controller\common\header.php on line 109
2018-08-07 16:53:08 - PHP Warning:  Illegal string offset 'filename' in D:\OpenServer\domains\villacrimea.loc\catalog\controller\common\header.php on line 108
2018-08-07 16:53:08 - PHP Warning:  Illegal string offset 'name' in D:\OpenServer\domains\villacrimea.loc\catalog\controller\common\header.php on line 109
2018-08-07 16:53:08 - PHP Warning:  Illegal string offset 'filename' in D:\OpenServer\domains\villacrimea.loc\catalog\controller\common\header.php on line 108
2018-08-07 16:53:08 - PHP Warning:  Illegal string offset 'name' in D:\OpenServer\domains\villacrimea.loc\catalog\controller\common\header.php on line 109
2018-08-07 16:53:08 - PHP Warning:  Illegal string offset 'filename' in D:\OpenServer\domains\villacrimea.loc\catalog\controller\common\header.php on line 108
2018-08-07 16:53:08 - PHP Warning:  Illegal string offset 'name' in D:\OpenServer\domains\villacrimea.loc\catalog\controller\common\header.php on line 109
2018-08-07 16:53:08 - PHP Warning:  Illegal string offset 'filename' in D:\OpenServer\domains\villacrimea.loc\catalog\controller\common\header.php on line 108
2018-08-07 16:53:08 - PHP Warning:  Illegal string offset 'name' in D:\OpenServer\domains\villacrimea.loc\catalog\controller\common\header.php on line 109
2018-08-07 16:53:08 - PHP Warning:  Illegal string offset 'filename' in D:\OpenServer\domains\villacrimea.loc\catalog\controller\common\header.php on line 108
2018-08-07 16:53:08 - PHP Warning:  Illegal string offset 'name' in D:\OpenServer\domains\villacrimea.loc\catalog\controller\common\header.php on line 109
2018-08-07 16:53:08 - PHP Warning:  Illegal string offset 'filename' in D:\OpenServer\domains\villacrimea.loc\catalog\controller\common\header.php on line 108
2018-08-07 16:53:08 - PHP Warning:  Illegal string offset 'name' in D:\OpenServer\domains\villacrimea.loc\catalog\controller\common\header.php on line 109
2018-08-07 16:53:08 - PHP Warning:  Illegal string offset 'filename' in D:\OpenServer\domains\villacrimea.loc\catalog\controller\common\header.php on line 108
2018-08-07 16:53:08 - PHP Warning:  Illegal string offset 'name' in D:\OpenServer\domains\villacrimea.loc\catalog\controller\common\header.php on line 109
2018-08-07 16:53:08 - PHP Warning:  Illegal string offset 'filename' in D:\OpenServer\domains\villacrimea.loc\catalog\controller\common\header.php on line 108
2018-08-07 16:53:08 - PHP Warning:  Illegal string offset 'name' in D:\OpenServer\domains\villacrimea.loc\catalog\controller\common\header.php on line 109
2018-08-07 16:53:08 - PHP Warning:  Illegal string offset 'filename' in D:\OpenServer\domains\villacrimea.loc\catalog\controller\common\header.php on line 108
2018-08-07 16:53:08 - PHP Warning:  Illegal string offset 'name' in D:\OpenServer\domains\villacrimea.loc\catalog\controller\common\header.php on line 109
2018-08-07 16:53:08 - PHP Warning:  Illegal string offset 'filename' in D:\OpenServer\domains\villacrimea.loc\catalog\controller\common\header.php on line 108
2018-08-07 16:53:08 - PHP Warning:  Illegal string offset 'name' in D:\OpenServer\domains\villacrimea.loc\catalog\controller\common\header.php on line 109
2018-08-07 16:53:08 - PHP Warning:  Illegal string offset 'filename' in D:\OpenServer\domains\villacrimea.loc\catalog\controller\common\header.php on line 108
2018-08-07 16:53:08 - PHP Warning:  Illegal string offset 'name' in D:\OpenServer\domains\villacrimea.loc\catalog\controller\common\header.php on line 109
2018-08-07 16:53:08 - PHP Warning:  Illegal string offset 'filename' in D:\OpenServer\domains\villacrimea.loc\catalog\controller\common\header.php on line 108
2018-08-07 16:53:08 - PHP Warning:  Illegal string offset 'name' in D:\OpenServer\domains\villacrimea.loc\catalog\controller\common\header.php on line 109
2018-08-07 16:54:28 - PHP Warning:  Illegal string offset 'filename' in D:\OpenServer\domains\villacrimea.loc\catalog\controller\common\header.php on line 110
2018-08-07 16:54:28 - PHP Warning:  Illegal string offset 'filename' in D:\OpenServer\domains\villacrimea.loc\catalog\controller\common\header.php on line 110
2018-08-07 16:54:28 - PHP Warning:  Illegal string offset 'filename' in D:\OpenServer\domains\villacrimea.loc\catalog\controller\common\header.php on line 110
2018-08-07 16:54:28 - PHP Warning:  Illegal string offset 'filename' in D:\OpenServer\domains\villacrimea.loc\catalog\controller\common\header.php on line 110
2018-08-07 16:55:06 - PHP Warning:  Illegal string offset 'filename' in D:\OpenServer\domains\villacrimea.loc\catalog\controller\common\header.php on line 110
2018-08-07 16:55:06 - PHP Warning:  Illegal string offset 'filename' in D:\OpenServer\domains\villacrimea.loc\catalog\controller\common\header.php on line 110
2018-08-07 16:55:06 - PHP Warning:  Illegal string offset 'filename' in D:\OpenServer\domains\villacrimea.loc\catalog\controller\common\header.php on line 110
2018-08-07 16:55:06 - PHP Warning:  Illegal string offset 'filename' in D:\OpenServer\domains\villacrimea.loc\catalog\controller\common\header.php on line 110
2018-08-07 16:56:49 - PHP Warning:  Illegal string offset 'filename' in D:\OpenServer\domains\villacrimea.loc\catalog\controller\common\header.php on line 111
2018-08-07 16:56:49 - PHP Warning:  Illegal string offset 'filename' in D:\OpenServer\domains\villacrimea.loc\catalog\controller\common\header.php on line 111
2018-08-07 16:56:49 - PHP Warning:  Illegal string offset 'filename' in D:\OpenServer\domains\villacrimea.loc\catalog\controller\common\header.php on line 111
2018-08-07 16:56:49 - PHP Warning:  Illegal string offset 'filename' in D:\OpenServer\domains\villacrimea.loc\catalog\controller\common\header.php on line 111
2018-08-07 16:56:49 - PHP Warning:  Illegal string offset 'filename' in D:\OpenServer\domains\villacrimea.loc\catalog\controller\common\header.php on line 111
2018-08-07 16:56:49 - PHP Warning:  Illegal string offset 'filename' in D:\OpenServer\domains\villacrimea.loc\catalog\controller\common\header.php on line 111
2018-08-07 17:08:06 - PHP Warning:  Cannot modify header information - headers already sent by (output started at D:\OpenServer\domains\villacrimea.loc\catalog\controller\common\header.php:312) in D:\OpenServer\domains\villacrimea.loc\system\library\response.php on line 12
2018-08-07 17:14:11 - PHP Warning:  Cannot modify header information - headers already sent by (output started at D:\OpenServer\domains\villacrimea.loc\catalog\controller\common\header.php:313) in D:\OpenServer\domains\villacrimea.loc\system\library\response.php on line 12
2018-08-07 17:19:13 - PHP Warning:  Invalid argument supplied for foreach() in D:\OpenServer\domains\villacrimea.loc\catalog\controller\common\header.php on line 101
2018-08-08 12:16:55 - PHP Notice:  Undefined index: contact_header_inf in D:\OpenServer\domains\villacrimea.loc\admin\view\template\setting\setting.tpl on line 155
2018-08-08 12:16:55 - PHP Notice:  Undefined index: contact_footer_inf in D:\OpenServer\domains\villacrimea.loc\admin\view\template\setting\setting.tpl on line 161
2018-08-08 12:20:09 - PHP Notice:  Undefined index: powered in D:\OpenServer\domains\villacrimea.loc\admin\view\template\setting\setting.tpl on line 167
2018-08-09 9:45:50 - PHP Notice:  Undefined index: agent in D:\OpenServer\domains\villacrimea.loc\admin\controller\catalog\product.php on line 930
2018-08-09 10:06:21 - PHP Notice:  Undefined index: user_id in D:\OpenServer\domains\villacrimea.loc\admin\model\catalog\product.php on line 657
2018-08-09 10:07:17 - PHP Notice:  Undefined index: user_id in D:\OpenServer\domains\villacrimea.loc\admin\model\catalog\product.php on line 657
2018-08-09 10:07:17 - PHP Notice:  Undefined index: user_id in D:\OpenServer\domains\villacrimea.loc\admin\model\catalog\product.php on line 367
2018-08-09 10:07:33 - PHP Notice:  Undefined index: user_id in D:\OpenServer\domains\villacrimea.loc\admin\model\catalog\product.php on line 657
2018-08-09 10:07:33 - PHP Notice:  Undefined index: user_id in D:\OpenServer\domains\villacrimea.loc\admin\model\catalog\product.php on line 367
2018-08-09 10:07:52 - PHP Notice:  Undefined index: user_id in D:\OpenServer\domains\villacrimea.loc\admin\model\catalog\product.php on line 657
2018-08-09 10:08:19 - PHP Notice:  Undefined index: user_id in D:\OpenServer\domains\villacrimea.loc\admin\model\catalog\product.php on line 657
2018-08-09 10:08:19 - PHP Notice:  Undefined index: user_id in D:\OpenServer\domains\villacrimea.loc\admin\model\catalog\product.php on line 659
2018-08-09 10:08:28 - PHP Notice:  Undefined index: user_id in D:\OpenServer\domains\villacrimea.loc\admin\model\catalog\product.php on line 657
2018-08-09 10:08:48 - PHP Notice:  Undefined index: user_id in D:\OpenServer\domains\villacrimea.loc\admin\model\catalog\product.php on line 657
2018-08-09 10:08:48 - PHP Notice:  Undefined index: user_id in D:\OpenServer\domains\villacrimea.loc\admin\model\catalog\product.php on line 657
2018-08-09 10:08:49 - PHP Notice:  Undefined index: user_id in D:\OpenServer\domains\villacrimea.loc\admin\model\catalog\product.php on line 657
2018-08-09 10:08:49 - PHP Notice:  Undefined index: user_id in D:\OpenServer\domains\villacrimea.loc\admin\model\catalog\product.php on line 657
2018-08-09 10:08:49 - PHP Notice:  Undefined index: user_id in D:\OpenServer\domains\villacrimea.loc\admin\model\catalog\product.php on line 657
2018-08-09 10:13:41 - PHP Notice:  Undefined index: user_id in D:\OpenServer\domains\villacrimea.loc\admin\model\catalog\product.php on line 367
2018-08-09 10:13:54 - PHP Notice:  Undefined index: user_id in D:\OpenServer\domains\villacrimea.loc\admin\model\catalog\product.php on line 367
2018-08-09 10:14:54 - PHP Notice:  Undefined index: user_id in D:\OpenServer\domains\villacrimea.loc\admin\model\catalog\product.php on line 367
2018-08-09 10:16:48 - PHP Notice:  Undefined index: user_id in D:\OpenServer\domains\villacrimea.loc\admin\model\catalog\product.php on line 367
2018-08-09 10:17:05 - PHP Notice:  Undefined index: user_id in D:\OpenServer\domains\villacrimea.loc\admin\model\catalog\product.php on line 367
2018-08-09 10:17:33 - PHP Notice:  Undefined index: user_id in D:\OpenServer\domains\villacrimea.loc\admin\model\catalog\product.php on line 367
2018-08-09 10:17:34 - PHP Notice:  Undefined index: user_id in D:\OpenServer\domains\villacrimea.loc\admin\model\catalog\product.php on line 367
2018-08-09 10:17:34 - PHP Notice:  Undefined index: user_id in D:\OpenServer\domains\villacrimea.loc\admin\model\catalog\product.php on line 367
2018-08-09 10:17:35 - PHP Notice:  Undefined index: user_id in D:\OpenServer\domains\villacrimea.loc\admin\model\catalog\product.php on line 367
2018-08-09 10:17:35 - PHP Notice:  Undefined index: user_id in D:\OpenServer\domains\villacrimea.loc\admin\model\catalog\product.php on line 367
2018-08-09 10:18:22 - PHP Notice:  Undefined index: user_id in D:\OpenServer\domains\villacrimea.loc\admin\model\catalog\product.php on line 367
2018-08-09 10:18:23 - PHP Notice:  Undefined index: user_id in D:\OpenServer\domains\villacrimea.loc\admin\model\catalog\product.php on line 367
2018-08-09 10:18:24 - PHP Notice:  Undefined index: user_id in D:\OpenServer\domains\villacrimea.loc\admin\model\catalog\product.php on line 367
2018-08-09 10:18:49 - PHP Notice:  Undefined index: user_id in D:\OpenServer\domains\villacrimea.loc\admin\model\catalog\product.php on line 367
2018-08-09 10:18:50 - PHP Notice:  Undefined index: user_id in D:\OpenServer\domains\villacrimea.loc\admin\model\catalog\product.php on line 367
2018-08-09 10:18:50 - PHP Notice:  Undefined index: user_id in D:\OpenServer\domains\villacrimea.loc\admin\model\catalog\product.php on line 367
2018-08-09 10:18:53 - PHP Notice:  Undefined index: user_id in D:\OpenServer\domains\villacrimea.loc\admin\model\catalog\product.php on line 367
2018-08-09 10:19:14 - PHP Notice:  Undefined index: user_id in D:\OpenServer\domains\villacrimea.loc\admin\model\catalog\product.php on line 367
2018-08-09 10:19:15 - PHP Notice:  Undefined index: user_id in D:\OpenServer\domains\villacrimea.loc\admin\model\catalog\product.php on line 367
2018-08-09 10:19:16 - PHP Notice:  Undefined index: user_id in D:\OpenServer\domains\villacrimea.loc\admin\model\catalog\product.php on line 367
2018-08-09 10:19:16 - PHP Notice:  Undefined index: user_id in D:\OpenServer\domains\villacrimea.loc\admin\model\catalog\product.php on line 367
2018-08-09 10:19:41 - PHP Notice:  Undefined index: user_id in D:\OpenServer\domains\villacrimea.loc\admin\model\catalog\product.php on line 367
2018-08-09 10:19:50 - PHP Notice:  Undefined index: user_id in D:\OpenServer\domains\villacrimea.loc\admin\model\catalog\product.php on line 367
2018-08-09 10:19:51 - PHP Notice:  Undefined index: user_id in D:\OpenServer\domains\villacrimea.loc\admin\model\catalog\product.php on line 367
2018-08-09 10:19:55 - PHP Notice:  Undefined index: user_id in D:\OpenServer\domains\villacrimea.loc\admin\model\catalog\product.php on line 367
2018-08-09 10:20:43 - PHP Notice:  Undefined index: user_id in D:\OpenServer\domains\villacrimea.loc\admin\model\catalog\product.php on line 367
2018-08-09 10:21:53 - PHP Warning:  Cannot modify header information - headers already sent by (output started at D:\OpenServer\domains\villacrimea.loc\system\library\session.php:43) in D:\OpenServer\domains\villacrimea.loc\system\library\response.php on line 12
2018-08-09 10:22:44 - PHP Notice:  Undefined index: user_id in D:\OpenServer\domains\villacrimea.loc\admin\model\catalog\product.php on line 367
2018-08-09 10:22:48 - PHP Notice:  Undefined index: user_id in D:\OpenServer\domains\villacrimea.loc\admin\model\catalog\product.php on line 367
2018-08-09 10:23:03 - PHP Warning:  Cannot modify header information - headers already sent by (output started at D:\OpenServer\domains\villacrimea.loc\system\library\session.php:43) in D:\OpenServer\domains\villacrimea.loc\system\library\response.php on line 12
2018-08-09 10:23:16 - PHP Warning:  Cannot modify header information - headers already sent by (output started at D:\OpenServer\domains\villacrimea.loc\system\library\session.php:43) in D:\OpenServer\domains\villacrimea.loc\system\library\response.php on line 12
2018-08-09 10:23:30 - PHP Warning:  Cannot modify header information - headers already sent by (output started at D:\OpenServer\domains\villacrimea.loc\system\library\session.php:43) in D:\OpenServer\domains\villacrimea.loc\system\library\response.php on line 12
2018-08-09 10:23:36 - PHP Notice:  Undefined index: user_id in D:\OpenServer\domains\villacrimea.loc\admin\model\catalog\product.php on line 367
2018-08-09 10:23:51 - PHP Notice:  Undefined index: user_id in D:\OpenServer\domains\villacrimea.loc\admin\model\catalog\product.php on line 367
2018-08-09 10:24:03 - PHP Notice:  Undefined index: user_id in D:\OpenServer\domains\villacrimea.loc\admin\model\catalog\product.php on line 367
2018-08-09 10:24:04 - PHP Notice:  Undefined index: user_id in D:\OpenServer\domains\villacrimea.loc\admin\model\catalog\product.php on line 367
2018-08-09 10:24:07 - PHP Notice:  Undefined index: user_id in D:\OpenServer\domains\villacrimea.loc\admin\model\catalog\product.php on line 367
2018-08-09 10:24:19 - PHP Notice:  Undefined index: user_id in D:\OpenServer\domains\villacrimea.loc\admin\model\catalog\product.php on line 367
2018-08-09 10:24:20 - PHP Notice:  Undefined index: user_id in D:\OpenServer\domains\villacrimea.loc\admin\model\catalog\product.php on line 367
2018-08-09 10:24:21 - PHP Notice:  Undefined index: user_id in D:\OpenServer\domains\villacrimea.loc\admin\model\catalog\product.php on line 367
2018-08-09 10:24:21 - PHP Notice:  Undefined index: user_id in D:\OpenServer\domains\villacrimea.loc\admin\model\catalog\product.php on line 367
2018-08-09 10:24:38 - PHP Notice:  Undefined index: user_id in D:\OpenServer\domains\villacrimea.loc\admin\model\catalog\product.php on line 367
2018-08-09 10:24:58 - PHP Notice:  Undefined index: user_id in D:\OpenServer\domains\villacrimea.loc\admin\model\catalog\product.php on line 367
2018-08-09 10:24:59 - PHP Notice:  Undefined index: user_id in D:\OpenServer\domains\villacrimea.loc\admin\model\catalog\product.php on line 367
2018-08-09 10:24:59 - PHP Notice:  Undefined index: user_id in D:\OpenServer\domains\villacrimea.loc\admin\model\catalog\product.php on line 367
2018-08-09 10:24:59 - PHP Notice:  Undefined index: user_id in D:\OpenServer\domains\villacrimea.loc\admin\model\catalog\product.php on line 367
2018-08-09 10:25:11 - PHP Notice:  Unknown: Skipping numeric key 22223 in Unknown on line 0
2018-08-09 10:25:13 - PHP Notice:  Unknown: Skipping numeric key 22223 in Unknown on line 0
2018-08-09 10:25:13 - PHP Notice:  Unknown: Skipping numeric key 22223 in Unknown on line 0
2018-08-09 10:25:20 - PHP Notice:  Unknown: Skipping numeric key 2323 in Unknown on line 0
2018-08-09 10:25:22 - PHP Notice:  Unknown: Skipping numeric key 2323 in Unknown on line 0
2018-08-09 10:25:22 - PHP Notice:  Unknown: Skipping numeric key 2323 in Unknown on line 0
2018-08-09 10:25:27 - PHP Notice:  Unknown: Skipping numeric key 2323 in Unknown on line 0
2018-08-09 10:25:27 - PHP Notice:  Unknown: Skipping numeric key 2323 in Unknown on line 0
2018-08-09 10:25:30 - PHP Notice:  Unknown: Skipping numeric key 2323 in Unknown on line 0
2018-08-09 10:25:30 - PHP Notice:  Unknown: Skipping numeric key 2323 in Unknown on line 0
2018-08-09 10:25:31 - PHP Notice:  Unknown: Skipping numeric key 2323 in Unknown on line 0
2018-08-09 10:25:36 - PHP Notice:  Unknown: Skipping numeric key 2323 in Unknown on line 0
2018-08-09 10:25:36 - PHP Notice:  Unknown: Skipping numeric key 2323 in Unknown on line 0
2018-08-09 10:25:38 - PHP Notice:  Unknown: Skipping numeric key 2323 in Unknown on line 0
2018-08-09 10:25:39 - PHP Notice:  Unknown: Skipping numeric key 2323 in Unknown on line 0
2018-08-09 10:25:39 - PHP Notice:  Unknown: Skipping numeric key 2323 in Unknown on line 0
2018-08-09 10:25:40 - PHP Notice:  Unknown: Skipping numeric key 2323 in Unknown on line 0
2018-08-09 10:25:41 - PHP Notice:  Unknown: Skipping numeric key 2323 in Unknown on line 0
2018-08-09 10:25:41 - PHP Notice:  Unknown: Skipping numeric key 2323 in Unknown on line 0
2018-08-09 10:25:44 - PHP Notice:  Unknown: Skipping numeric key 2323 in Unknown on line 0
2018-08-09 10:25:44 - PHP Notice:  Unknown: Skipping numeric key 2323 in Unknown on line 0
2018-08-09 10:25:49 - PHP Notice:  Unknown: Skipping numeric key 2323 in Unknown on line 0
2018-08-09 10:25:53 - PHP Notice:  Unknown: Skipping numeric key 2323 in Unknown on line 0
2018-08-09 10:25:53 - PHP Notice:  Unknown: Skipping numeric key 2323 in Unknown on line 0
2018-08-09 10:26:06 - PHP Notice:  Unknown: Skipping numeric key 2323 in Unknown on line 0
2018-08-09 10:26:06 - PHP Notice:  Unknown: Skipping numeric key 2323 in Unknown on line 0
2018-08-09 10:26:28 - PHP Notice:  Undefined index: user_id in D:\OpenServer\domains\villacrimea.loc\admin\model\catalog\product.php on line 367
2018-08-09 10:29:32 - PHP Notice:  Undefined index: user_id in D:\OpenServer\domains\villacrimea.loc\admin\model\catalog\product.php on line 367
2018-08-09 10:31:18 - PHP Notice:  Undefined index: user_id in D:\OpenServer\domains\villacrimea.loc\admin\model\catalog\product.php on line 367
2018-08-09 10:31:35 - PHP Notice:  Undefined index: user_id in D:\OpenServer\domains\villacrimea.loc\admin\model\catalog\product.php on line 367
2018-08-09 10:31:43 - PHP Notice:  Undefined index: user_id in D:\OpenServer\domains\villacrimea.loc\admin\model\catalog\product.php on line 367
2018-08-09 10:39:15 - PHP Notice:  Undefined index: user_id in D:\OpenServer\domains\villacrimea.loc\admin\model\catalog\product.php on line 367
2018-08-09 10:40:07 - PHP Notice:  Unknown: Skipping numeric key 123456 in Unknown on line 0
2018-08-09 10:40:10 - PHP Notice:  Unknown: Skipping numeric key 123456 in Unknown on line 0
2018-08-09 10:40:10 - PHP Notice:  Unknown: Skipping numeric key 123456 in Unknown on line 0
2018-08-09 10:40:13 - PHP Notice:  Unknown: Skipping numeric key 123456 in Unknown on line 0
2018-08-09 10:40:13 - PHP Notice:  Unknown: Skipping numeric key 123456 in Unknown on line 0
2018-08-09 10:40:25 - PHP Notice:  Unknown: Skipping numeric key 123456 in Unknown on line 0
2018-08-09 10:40:29 - PHP Notice:  Unknown: Skipping numeric key 123456 in Unknown on line 0
2018-08-09 10:40:29 - PHP Notice:  Unknown: Skipping numeric key 123456 in Unknown on line 0
2018-08-09 10:40:37 - PHP Notice:  Undefined index: user_id in D:\OpenServer\domains\villacrimea.loc\admin\model\catalog\product.php on line 367
2018-08-09 10:41:00 - PHP Warning:  Attempt to modify property of non-object in D:\OpenServer\domains\villacrimea.loc\system\library\cart\user.php on line 42
2018-08-09 10:41:00 - PHP Notice:  Indirect modification of overloaded property ControllerCommonLogin::$session has no effect in D:\OpenServer\domains\villacrimea.loc\admin\controller\common\login.php on line 15
2018-08-09 10:41:00 - PHP Warning:  Attempt to modify property of non-object in D:\OpenServer\domains\villacrimea.loc\admin\controller\common\login.php on line 15
2018-08-09 10:41:00 - PHP Notice:  Trying to get property of non-object in D:\OpenServer\domains\villacrimea.loc\admin\controller\common\login.php on line 18
2018-08-09 10:41:00 - PHP Warning:  Cannot modify header information - headers already sent by (output started at D:\OpenServer\domains\villacrimea.loc\admin\controller\startup\error.php:34) in D:\OpenServer\domains\villacrimea.loc\system\library\response.php on line 12
2018-08-09 10:41:21 - PHP Notice:  Indirect modification of overloaded property ControllerCommonLogin::$session has no effect in D:\OpenServer\domains\villacrimea.loc\admin\controller\common\login.php on line 15
2018-08-09 10:41:21 - PHP Notice:  Trying to get property of non-object in D:\OpenServer\domains\villacrimea.loc\admin\controller\common\login.php on line 18
2018-08-09 10:41:21 - PHP Warning:  Cannot modify header information - headers already sent by (output started at D:\OpenServer\domains\villacrimea.loc\admin\controller\startup\error.php:34) in D:\OpenServer\domains\villacrimea.loc\system\library\response.php on line 12
2018-08-09 10:41:27 - PHP Notice:  Undefined index: user_id in D:\OpenServer\domains\villacrimea.loc\admin\model\catalog\product.php on line 367
2018-08-09 10:43:56 - PHP Notice:  Undefined index: user_id in D:\OpenServer\domains\villacrimea.loc\admin\model\catalog\product.php on line 370
2018-08-09 10:56:26 - PHP Notice:  Undefined variable: ocfilter_stock_status_type in D:\OpenServer\domains\villacrimea.loc\admin\view\template\extension\module\ocfilter.tpl on line 205
2018-08-09 10:56:26 - PHP Notice:  Undefined variable: ocfilter_stock_status_type in D:\OpenServer\domains\villacrimea.loc\admin\view\template\extension\module\ocfilter.tpl on line 205
2018-08-09 10:56:26 - PHP Notice:  Undefined variable: ocfilter_stock_status_type in D:\OpenServer\domains\villacrimea.loc\admin\view\template\extension\module\ocfilter.tpl on line 205
2018-08-09 10:56:58 - PHP Notice:  Undefined variable: ocfilter_stock_status_type in D:\OpenServer\domains\villacrimea.loc\admin\view\template\extension\module\ocfilter.tpl on line 205
2018-08-09 10:56:58 - PHP Notice:  Undefined variable: ocfilter_stock_status_type in D:\OpenServer\domains\villacrimea.loc\admin\view\template\extension\module\ocfilter.tpl on line 205
2018-08-09 10:56:58 - PHP Notice:  Undefined variable: ocfilter_stock_status_type in D:\OpenServer\domains\villacrimea.loc\admin\view\template\extension\module\ocfilter.tpl on line 205
2018-08-09 11:08:56 - PHP Notice:  Undefined variable: ocfilter_stock_status_type in D:\OpenServer\domains\villacrimea.loc\admin\view\template\extension\module\ocfilter.tpl on line 205
2018-08-09 11:08:56 - PHP Notice:  Undefined variable: ocfilter_stock_status_type in D:\OpenServer\domains\villacrimea.loc\admin\view\template\extension\module\ocfilter.tpl on line 205
2018-08-09 11:08:56 - PHP Notice:  Undefined variable: ocfilter_stock_status_type in D:\OpenServer\domains\villacrimea.loc\admin\view\template\extension\module\ocfilter.tpl on line 205
2018-08-09 11:09:09 - PHP Notice:  Undefined variable: ocfilter_stock_status_type in D:\OpenServer\domains\villacrimea.loc\admin\view\template\extension\module\ocfilter.tpl on line 205
2018-08-09 11:09:09 - PHP Notice:  Undefined variable: ocfilter_stock_status_type in D:\OpenServer\domains\villacrimea.loc\admin\view\template\extension\module\ocfilter.tpl on line 205
2018-08-09 11:09:09 - PHP Notice:  Undefined variable: ocfilter_stock_status_type in D:\OpenServer\domains\villacrimea.loc\admin\view\template\extension\module\ocfilter.tpl on line 205
2018-08-09 17:03:10 - PHP Notice:  Undefined variable: email in D:\OpenServer\domains\villacrimea.loc\catalog\controller\common\footer.php on line 257
2018-08-09 17:03:10 - PHP Notice:  Undefined variable: message in D:\OpenServer\domains\villacrimea.loc\catalog\controller\common\footer.php on line 257
2018-08-09 17:03:41 - PHP Notice:  Undefined variable: message in D:\OpenServer\domains\villacrimea.loc\catalog\controller\common\footer.php on line 257
2018-08-09 17:04:02 - PHP Notice:  Undefined variable: email in D:\OpenServer\domains\villacrimea.loc\catalog\controller\common\footer.php on line 257
2018-08-09 17:04:02 - PHP Notice:  Undefined variable: message in D:\OpenServer\domains\villacrimea.loc\catalog\controller\common\footer.php on line 257
2018-08-09 17:05:30 - PHP Notice:  Undefined variable: email in D:\OpenServer\domains\villacrimea.loc\catalog\controller\common\footer.php on line 257
2018-08-09 17:05:30 - PHP Notice:  Undefined variable: message in D:\OpenServer\domains\villacrimea.loc\catalog\controller\common\footer.php on line 257
2018-08-09 17:08:13 - PHP Notice:  Undefined variable: email in D:\OpenServer\domains\villacrimea.loc\catalog\controller\common\footer.php on line 257
2018-08-09 17:08:13 - PHP Notice:  Undefined variable: message in D:\OpenServer\domains\villacrimea.loc\catalog\controller\common\footer.php on line 257
